<?xml version="1.0" encoding="UTF-8"?>
<!-- Generated by org.testng.reporters.JUnitReportReporter -->
<testsuite skipped="0" hostname="DESKTOP-GVRGLVO" name="org.example.testRunner.runners" tests="17" failures="3" timestamp="2022-11-16T22:24:38 EET" time="285.623" errors="1">
  <testcase name="runScenario" time="24.512" classname="org.example.testRunner.runners"/>
  <system-out/>
  <testcase name="runScenario" time="16.555" classname="org.example.testRunner.runners"/>
  <system-out/>
  <testcase name="runScenario" time="30.193" classname="org.example.testRunner.runners"/>
  <system-out/>
  <testcase name="runScenario" time="14.104" classname="org.example.testRunner.runners"/>
  <system-out/>
  <testcase name="runScenario" time="20.658" classname="org.example.testRunner.runners"/>
  <system-out/>
  <testcase name="runScenario" time="12.841" classname="org.example.testRunner.runners"/>
  <system-out/>
  <testcase name="runScenario" time="11.476" classname="org.example.testRunner.runners">
    <failure type="java.lang.AssertionError" message="expected [ https://demo.nopcommerce.com/iphone-6] but found [https://demo.nopcommerce.com/]">
      <![CDATA[java.lang.AssertionError: expected [ https://demo.nopcommerce.com/iphone-6] but found [https://demo.nopcommerce.com/]
at org.testng.Assert.fail(Assert.java:99)
at org.testng.Assert.failNotEquals(Assert.java:1037)
at org.testng.Assert.assertEqualsImpl(Assert.java:140)
at org.testng.Assert.assertEquals(Assert.java:122)
at org.testng.Assert.assertEquals(Assert.java:629)
at org.testng.Assert.assertEquals(Assert.java:639)
at org.example.stepDefs.D06_homeSlidersStepDef.checkIfUAreRotatedToIphonePage(D06_homeSlidersStepDef.java:42)
at ✽.check if u are rotated to iphone page(file:///C:/Users/Memo/IdeaProjects/EcommerceAutomationProject/src/main/resources/features/F06_homeSliders.feature:9)
]]>
    </failure>
  </testcase> <!-- runScenario -->
  <system-out/>
  <testcase name="runScenario" time="22.199" classname="org.example.testRunner.runners"/>
  <system-out/>
  <testcase name="runScenario" time="13.784" classname="org.example.testRunner.runners">
    <failure type="java.lang.AssertionError" message="The following asserts failed:
	third assertion expected [https://demo.nopcommerce.com/] but found [https://demo.nopcommerce.com/login?returnurl=%2F]">
      <![CDATA[java.lang.AssertionError: The following asserts failed:
third assertion expected [https://demo.nopcommerce.com/] but found [https://demo.nopcommerce.com/login?returnurl=%2F]
at org.testng.asserts.SoftAssert.assertAll(SoftAssert.java:47)
at org.testng.asserts.SoftAssert.assertAll(SoftAssert.java:31)
at org.example.stepDefs.D02_loginStepDef.success(D02_loginStepDef.java:45)
at ✽.user login to the system successfully(file:///C:/Users/Memo/IdeaProjects/EcommerceAutomationProject/src/main/resources/features/F02_Login.feature:10)
]]>
    </failure>
  </testcase> <!-- runScenario -->
  <system-out/>
  <testcase name="runScenario" time="12.466" classname="org.example.testRunner.runners">
    <failure type="java.lang.AssertionError" message="expected [https://demo.nopcommerce.com/new-online-store-is-open] but found [https://demo.nopcommerce.com/news/rss/1]">
      <![CDATA[java.lang.AssertionError: expected [https://demo.nopcommerce.com/new-online-store-is-open] but found [https://demo.nopcommerce.com/news/rss/1]
at org.testng.Assert.fail(Assert.java:99)
at org.testng.Assert.failNotEquals(Assert.java:1037)
at org.testng.Assert.assertEqualsImpl(Assert.java:140)
at org.testng.Assert.assertEquals(Assert.java:122)
at org.testng.Assert.assertEquals(Assert.java:629)
at org.testng.Assert.assertEquals(Assert.java:639)
at org.example.stepDefs.D07_followUsStepDef.rssURL(D07_followUsStepDef.java:50)
at ✽.verify the Rss url(file:///C:/Users/Memo/IdeaProjects/EcommerceAutomationProject/src/main/resources/features/F07_followUs.feature:16)
]]>
    </failure>
  </testcase> <!-- runScenario -->
  <system-out/>
  <testcase name="runScenario" time="12.788" classname="org.example.testRunner.runners"/>
  <system-out/>
  <testcase name="runScenario" time="16.813" classname="org.example.testRunner.runners"/>
  <system-out/>
  <testcase name="runScenario" time="12.395" classname="org.example.testRunner.runners">
    <error type="org.openqa.selenium.ElementClickInterceptedException" message="element click intercepted: Element &lt;img class=&quot;nivo-main-image&quot; src=&quot;https://demo.nopcommerce.com/images/thumbs/0000079_banner_1.jpg&quot; style=&quot;width: 1200px; height: 500px; overflow: hidden;&quot;&gt; is not clickable at point (951, 498). Other element would receive the click: &lt;a href=&quot;http://demo.nopcommerce.com/&quot; aria-label=&quot;&quot; class=&quot;nivo-imageLink&quot; style=&quot;display: block;&quot;&gt;...&lt;/a&gt;
  (Session info: chrome=107.0.5304.107)
Build info: version: &#039;4.0.0&#039;, revision: &#039;3a21814679&#039;
System info: host: &#039;DESKTOP-GVRGLVO&#039;, ip: &#039;192.168.1.4&#039;, os.name: &#039;Windows 10&#039;, os.arch: &#039;amd64&#039;, os.version: &#039;10.0&#039;, java.version: &#039;1.8.0_351&#039;
Driver info: org.openqa.selenium.chrome.ChromeDriver
Command: [87367d11aea91f115f23c6eb4007fb3e, clickElement {id=e6f853cd-73d9-46cf-ba6a-776c6b7c7671}]
Capabilities {acceptInsecureCerts: false, browserName: chrome, browserVersion: 107.0.5304.107, chrome: {chromedriverVersion: 107.0.5304.62 (1eec40d3a576..., userDataDir: C:\Users\Memo\AppData\Local...}, goog:chromeOptions: {debuggerAddress: localhost:56886}, javascriptEnabled: true, networkConnectionEnabled: false, pageLoadStrategy: normal, platform: WINDOWS, platformName: WINDOWS, proxy: Proxy(), se:cdp: ws://localhost:56886/devtoo..., se:cdpVersion: 107.0.5304.107, setWindowRect: true, strictFileInteractability: false, timeouts: {implicit: 0, pageLoad: 300000, script: 30000}, unhandledPromptBehavior: dismiss and notify, webauthn:extension:credBlob: true, webauthn:extension:largeBlob: true, webauthn:virtualAuthenticators: true}
Element: [[ChromeDriver: chrome on WINDOWS (87367d11aea91f115f23c6eb4007fb3e)] -&gt; css selector: div[id=&quot;nivo-slider&quot;]&gt;img[src=&quot;https://demo.nopcommerce.com/images/thumbs/0000079_banner_1.jpg&quot;]]
Session ID: 87367d11aea91f115f23c6eb4007fb3e">
      <![CDATA[org.openqa.selenium.ElementClickInterceptedException: element click intercepted: Element <img class="nivo-main-image" src="https://demo.nopcommerce.com/images/thumbs/0000079_banner_1.jpg" style="width: 1200px; height: 500px; overflow: hidden;"> is not clickable at point (951, 498). Other element would receive the click: <a href="http://demo.nopcommerce.com/" aria-label="" class="nivo-imageLink" style="display: block;">...</a>
  (Session info: chrome=107.0.5304.107)
Build info: version: '4.0.0', revision: '3a21814679'
System info: host: 'DESKTOP-GVRGLVO', ip: '192.168.1.4', os.name: 'Windows 10', os.arch: 'amd64', os.version: '10.0', java.version: '1.8.0_351'
Driver info: org.openqa.selenium.chrome.ChromeDriver
Command: [87367d11aea91f115f23c6eb4007fb3e, clickElement {id=e6f853cd-73d9-46cf-ba6a-776c6b7c7671}]
Capabilities {acceptInsecureCerts: false, browserName: chrome, browserVersion: 107.0.5304.107, chrome: {chromedriverVersion: 107.0.5304.62 (1eec40d3a576..., userDataDir: C:\Users\Memo\AppData\Local...}, goog:chromeOptions: {debuggerAddress: localhost:56886}, javascriptEnabled: true, networkConnectionEnabled: false, pageLoadStrategy: normal, platform: WINDOWS, platformName: WINDOWS, proxy: Proxy(), se:cdp: ws://localhost:56886/devtoo..., se:cdpVersion: 107.0.5304.107, setWindowRect: true, strictFileInteractability: false, timeouts: {implicit: 0, pageLoad: 300000, script: 30000}, unhandledPromptBehavior: dismiss and notify, webauthn:extension:credBlob: true, webauthn:extension:largeBlob: true, webauthn:virtualAuthenticators: true}
Element: [[ChromeDriver: chrome on WINDOWS (87367d11aea91f115f23c6eb4007fb3e)] -> css selector: div[id="nivo-slider"]>img[src="https://demo.nopcommerce.com/images/thumbs/0000079_banner_1.jpg"]]
Session ID: 87367d11aea91f115f23c6eb4007fb3e
at sun.reflect.NativeConstructorAccessorImpl.newInstance0(Native Method)
at sun.reflect.NativeConstructorAccessorImpl.newInstance(NativeConstructorAccessorImpl.java:62)
at sun.reflect.DelegatingConstructorAccessorImpl.newInstance(DelegatingConstructorAccessorImpl.java:45)
at java.lang.reflect.Constructor.newInstance(Constructor.java:423)
at org.openqa.selenium.remote.codec.w3c.W3CHttpResponseCodec.createException(W3CHttpResponseCodec.java:200)
at org.openqa.selenium.remote.codec.w3c.W3CHttpResponseCodec.decode(W3CHttpResponseCodec.java:133)
at org.openqa.selenium.remote.codec.w3c.W3CHttpResponseCodec.decode(W3CHttpResponseCodec.java:53)
at org.openqa.selenium.remote.HttpCommandExecutor.execute(HttpCommandExecutor.java:184)
at org.openqa.selenium.remote.service.DriverCommandExecutor.invokeExecute(DriverCommandExecutor.java:164)
at org.openqa.selenium.remote.service.DriverCommandExecutor.execute(DriverCommandExecutor.java:139)
at org.openqa.selenium.remote.RemoteWebDriver.execute(RemoteWebDriver.java:559)
at org.openqa.selenium.remote.RemoteWebElement.execute(RemoteWebElement.java:251)
at org.openqa.selenium.remote.RemoteWebElement.click(RemoteWebElement.java:77)
at org.example.stepDefs.D06_homeSlidersStepDef.firstSlider(D06_homeSlidersStepDef.java:18)
at ✽.clicking on the first slider(file:///C:/Users/Memo/IdeaProjects/EcommerceAutomationProject/src/main/resources/features/F06_homeSliders.feature:4)
]]>
    </error>
  </testcase> <!-- runScenario -->
  <system-out/>
  <testcase name="runScenario" time="14.678" classname="org.example.testRunner.runners"/>
  <system-out/>
  <testcase name="runScenario" time="14.321" classname="org.example.testRunner.runners"/>
  <system-out/>
  <testcase name="runScenario" time="18.980" classname="org.example.testRunner.runners"/>
  <system-out/>
  <testcase name="runScenario" time="16.860" classname="org.example.testRunner.runners"/>
  <system-out/>
</testsuite> <!-- org.example.testRunner.runners -->
